2026-01-07 02:27:07,043 - rag_observability - WARNING - LangSmith API Key not found. Tracing disabled.
2026-01-07 02:30:04,008 - rag_observability - WARNING - LangSmith API Key not found. Tracing disabled.
2026-01-07 02:31:34,390 - rag_observability - WARNING - LangSmith API Key not found. Tracing disabled.
2026-01-07 02:43:33,460 - rag_observability - WARNING - LangSmith API Key not found. Tracing disabled.
2026-01-07 02:47:20,844 - rag_observability - WARNING - LangSmith API Key not found. Tracing disabled.
2026-01-07 03:21:30,020 - rag_observability - INFO - {"timestamp": 1767736290.0201898, "endpoint": "rag_query", "user": "admin", "latency_ms": 6222.798824310303, "success": true, "metadata": {"query_len": 52, "answer_len": 117, "hallucination_score": 0.0035809725522994995, "blocked": false}}
2026-01-07 03:21:38,143 - rag_observability - INFO - {"timestamp": 1767736298.143475, "endpoint": "rag_query", "user": "admin", "latency_ms": 3028.9714336395264, "success": true, "metadata": {"query_len": 33, "answer_len": 117, "hallucination_score": 0.08696486055850983, "blocked": false}}
2026-01-07 03:21:41,276 - rag_observability - INFO - {"timestamp": 1767736301.2765856, "endpoint": "rag_query", "user": "admin", "latency_ms": 3086.8005752563477, "success": true, "metadata": {"query_len": 72, "answer_len": 117, "hallucination_score": 0.1299540251493454, "blocked": false}}
2026-01-07 03:58:26,875 - rag_observability - INFO - {"timestamp": 1767738506.875653, "endpoint": "rag_query", "user": "admin", "latency_ms": 8775.954723358154, "success": true, "metadata": {"query_len": 52, "answer_len": 117, "hallucination_score": 0.0035809725522994995, "blocked": false}}
2026-01-07 03:58:38,746 - rag_observability - INFO - {"timestamp": 1767738518.7464182, "endpoint": "rag_query", "user": "admin", "latency_ms": 4905.891418457031, "success": true, "metadata": {"query_len": 33, "answer_len": 117, "hallucination_score": 0.08696486055850983, "blocked": false}}
2026-01-07 03:58:41,968 - rag_observability - INFO - {"timestamp": 1767738521.96887, "endpoint": "rag_query", "user": "admin", "latency_ms": 3187.753677368164, "success": true, "metadata": {"query_len": 72, "answer_len": 117, "hallucination_score": 0.1299540251493454, "blocked": false}}
2026-01-07 04:02:18,563 - rag_observability - INFO - {"timestamp": 1767738738.5638201, "endpoint": "rag_query", "user": "admin", "latency_ms": 12135.930061340332, "success": true, "metadata": {"query_len": 52, "answer_len": 117, "hallucination_score": 0.029436755925416946, "blocked": false}}
2026-01-07 04:02:21,676 - rag_observability - INFO - {"timestamp": 1767738741.676754, "endpoint": "rag_query", "user": "admin", "latency_ms": 3060.1515769958496, "success": true, "metadata": {"query_len": 52, "answer_len": 117, "hallucination_score": -0.014348341152071953, "blocked": false}}
2026-01-07 04:02:25,319 - rag_observability - INFO - {"timestamp": 1767738745.319403, "endpoint": "rag_query", "user": "admin", "latency_ms": 3552.1998405456543, "success": true, "metadata": {"query_len": 35, "answer_len": 117, "hallucination_score": 0.06334012001752853, "blocked": false}}
2026-01-07 04:02:28,352 - rag_observability - INFO - {"timestamp": 1767738748.352726, "endpoint": "rag_query", "user": "admin", "latency_ms": 2999.952793121338, "success": true, "metadata": {"query_len": 33, "answer_len": 117, "hallucination_score": 0.029436755925416946, "blocked": false}}
2026-01-07 04:02:32,096 - rag_observability - INFO - {"timestamp": 1767738752.0963888, "endpoint": "rag_query", "user": "admin", "latency_ms": 3676.102876663208, "success": true, "metadata": {"query_len": 72, "answer_len": 117, "hallucination_score": -0.014348341152071953, "blocked": false}}
2026-01-07 04:17:39,371 - rag_observability - INFO - {"timestamp": 1767739659.3712494, "endpoint": "rag_query", "user": "admin", "latency_ms": 68743.37458610535, "success": true, "metadata": {"query_len": 52, "answer_len": 515, "hallucination_score": 0.803192138671875, "blocked": false, "reranked_count": 3}}
2026-01-07 04:18:36,179 - rag_observability - INFO - {"timestamp": 1767739716.1794593, "endpoint": "rag_query", "user": "admin", "latency_ms": 56746.288537979126, "success": true, "metadata": {"query_len": 52, "answer_len": 818, "hallucination_score": 0.7852457165718079, "blocked": false, "reranked_count": 3}}
2026-01-07 04:19:12,376 - rag_observability - INFO - {"timestamp": 1767739752.3758733, "endpoint": "rag_query", "user": "admin", "latency_ms": 36180.85169792175, "success": true, "metadata": {"query_len": 35, "answer_len": 358, "hallucination_score": 0.6744883060455322, "blocked": false, "reranked_count": 3}}
2026-01-07 04:20:26,557 - rag_observability - INFO - {"timestamp": 1767739826.5571532, "endpoint": "rag_query", "user": "admin", "latency_ms": 74165.97509384155, "success": true, "metadata": {"query_len": 33, "answer_len": 912, "hallucination_score": 0.8333771228790283, "blocked": false, "reranked_count": 3}}
2026-01-07 04:21:20,650 - rag_observability - INFO - {"timestamp": 1767739880.6508677, "endpoint": "rag_query", "user": "admin", "latency_ms": 54061.71441078186, "success": true, "metadata": {"query_len": 72, "answer_len": 334, "hallucination_score": 0.717037558555603, "blocked": false, "reranked_count": 3}}
2026-01-07 04:31:48,325 - rag_observability - INFO - {"timestamp": 1767740508.325611, "endpoint": "rag_query", "user": "admin", "latency_ms": 91064.19062614441, "success": true, "metadata": {"query_len": 52, "answer_len": 261, "hallucination_score": 0.7151628136634827, "blocked": false, "reranked_count": 3}}
2026-01-07 04:32:46,417 - rag_observability - INFO - {"timestamp": 1767740566.4170852, "endpoint": "rag_query", "user": "admin", "latency_ms": 58007.07030296326, "success": true, "metadata": {"query_len": 52, "answer_len": 281, "hallucination_score": 0.7486310005187988, "blocked": false, "reranked_count": 3}}
2026-01-07 04:33:33,616 - rag_observability - INFO - {"timestamp": 1767740613.6164272, "endpoint": "rag_query", "user": "admin", "latency_ms": 47184.022426605225, "success": true, "metadata": {"query_len": 35, "answer_len": 364, "hallucination_score": 0.6370415091514587, "blocked": false, "reranked_count": 3}}
2026-01-07 04:34:34,311 - rag_observability - INFO - {"timestamp": 1767740674.3115594, "endpoint": "rag_query", "user": "admin", "latency_ms": 60677.01196670532, "success": true, "metadata": {"query_len": 33, "answer_len": 332, "hallucination_score": 0.8317590951919556, "blocked": false, "reranked_count": 3}}
2026-01-07 04:35:49,781 - rag_observability - INFO - {"timestamp": 1767740749.7817442, "endpoint": "rag_query", "user": "admin", "latency_ms": 75434.21745300293, "success": true, "metadata": {"query_len": 72, "answer_len": 322, "hallucination_score": 0.7801246643066406, "blocked": false, "reranked_count": 3}}
2026-01-07 04:56:26,695 - rag_observability - INFO - {"timestamp": 1767741986.6953454, "endpoint": "rag_query", "user": "admin", "latency_ms": 174093.4774875641, "success": true, "metadata": {"query_len": 52, "answer_len": 652, "hallucination_score": 0.7781280875205994, "blocked": false, "reranked_count": 3, "expansion_strategies": 4}}
2026-01-07 04:58:07,294 - rag_observability - INFO - {"timestamp": 1767742087.29425, "endpoint": "rag_query", "user": "admin", "latency_ms": 100514.72496986389, "success": true, "metadata": {"query_len": 52, "answer_len": 437, "hallucination_score": 0.7460290193557739, "blocked": false, "reranked_count": 3, "expansion_strategies": 4}}
2026-01-07 04:59:57,776 - rag_observability - INFO - {"timestamp": 1767742197.7767668, "endpoint": "rag_query", "user": "admin", "latency_ms": 110467.53787994385, "success": true, "metadata": {"query_len": 35, "answer_len": 342, "hallucination_score": 0.91202312707901, "blocked": false, "reranked_count": 3, "expansion_strategies": 4}}
2026-01-07 05:02:08,400 - rag_observability - INFO - {"timestamp": 1767742328.400137, "endpoint": "rag_query", "user": "admin", "latency_ms": 130599.11441802979, "success": true, "metadata": {"query_len": 33, "answer_len": 240, "hallucination_score": 0.779545247554779, "blocked": false, "reranked_count": 3, "expansion_strategies": 4}}
2026-01-07 05:03:49,280 - rag_observability - INFO - {"timestamp": 1767742429.2801745, "endpoint": "rag_query", "user": "admin", "latency_ms": 100841.56155586243, "success": true, "metadata": {"query_len": 72, "answer_len": 249, "hallucination_score": 0.6780362725257874, "blocked": false, "reranked_count": 3, "expansion_strategies": 4}}
2026-01-09 00:56:37,282 - rag_observability - INFO - {"timestamp": 1767900397.282649, "endpoint": "rag_query", "user": "admin", "latency_ms": 4159.944295883179, "success": true, "metadata": {"query_len": 23, "answer_len": 33, "hallucination_score": 0.031014541164040565, "blocked": false, "reranked_count": 3, "expansion_strategies": 2}}
2026-01-09 00:57:25,852 - rag_observability - INFO - {"timestamp": 1767900445.8526897, "endpoint": "rag_query", "user": "admin", "latency_ms": 448.4210014343262, "success": true, "metadata": {"query_len": 26, "answer_len": 33, "hallucination_score": 0.13980764150619507, "blocked": false, "reranked_count": 3, "expansion_strategies": 2}}
2026-01-09 01:02:46,878 - rag_observability - INFO - {"timestamp": 1767900766.8784716, "endpoint": "rag_query", "user": "admin", "latency_ms": 4063.075304031372, "success": true, "metadata": {"query_len": 26, "answer_len": 190, "hallucination_score": 0.1688186079263687, "blocked": false, "reranked_count": 3, "expansion_strategies": 2}}
